2023-07-22 11:16:56,151 INFO PERFORMANCE:|0|0|-1|-1

2023-07-22 11:18:43,799 INFO PERFORMANCE:|3|5|7|3

2023-07-22 11:23:43,813 INFO PERFORMANCE:|3|5|-1|-1

2023-07-22 11:28:43,821 INFO PERFORMANCE:|3|5|-1|-1

2023-07-22 11:33:43,834 INFO PERFORMANCE:|0|0|-1|-1

2023-07-22 11:38:43,847 INFO PERFORMANCE:|0|0|-1|-1

2023-07-22 11:43:43,847 INFO PERFORMANCE:|0|0|-1|-1

2023-07-22 11:48:43,849 INFO PERFORMANCE:|0|0|-1|-1

2023-07-22 11:53:43,856 INFO PERFORMANCE:|0|0|-1|-1

2023-07-22 11:58:43,871 INFO PERFORMANCE:|0|0|-1|-1

2023-07-22 12:03:43,885 INFO PERFORMANCE:|0|0|-1|-1

2023-07-22 12:08:43,898 INFO PERFORMANCE:|0|0|-1|-1

2023-07-22 12:13:43,903 INFO PERFORMANCE:|0|0|-1|-1

2023-07-22 12:18:43,904 INFO PERFORMANCE:|0|0|-1|-1

2023-07-22 12:23:43,905 INFO PERFORMANCE:|0|0|-1|-1

2023-07-22 12:28:43,914 INFO PERFORMANCE:|0|0|-1|-1

2023-07-22 12:33:43,926 INFO PERFORMANCE:|0|0|-1|-1

2023-07-22 12:38:43,935 INFO PERFORMANCE:|0|0|-1|-1

2023-07-22 12:43:43,937 INFO PERFORMANCE:|0|0|-1|-1

2023-07-22 12:48:43,950 INFO PERFORMANCE:|0|0|-1|-1

2023-07-22 12:53:43,958 INFO PERFORMANCE:|0|0|-1|-1

2023-07-22 12:58:43,963 INFO PERFORMANCE:|0|0|-1|-1

2023-07-22 13:03:43,971 INFO PERFORMANCE:|0|0|-1|-1

2023-07-22 13:08:43,984 INFO PERFORMANCE:|0|0|-1|-1

2023-07-22 13:13:43,999 INFO PERFORMANCE:|0|0|-1|-1

2023-07-22 13:18:44,012 INFO PERFORMANCE:|0|0|-1|-1

2023-07-22 13:23:44,017 INFO PERFORMANCE:|0|0|-1|-1

2023-07-22 13:28:44,022 INFO PERFORMANCE:|0|0|-1|-1

2023-07-22 13:33:44,037 INFO PERFORMANCE:|0|0|-1|-1

2023-07-22 13:38:44,042 INFO PERFORMANCE:|0|0|-1|-1

2023-07-22 13:43:44,052 INFO PERFORMANCE:|0|0|-1|-1

2023-07-22 13:48:44,064 INFO PERFORMANCE:|0|0|-1|-1

2023-07-22 13:53:44,067 INFO PERFORMANCE:|0|0|-1|-1

