2023-07-21 15:13:27,043 INFO notifyConnectTimeout:200

2023-07-21 15:13:27,047 INFO notifySocketTimeout:8000

2023-07-21 15:13:27,047 INFO isHealthCheck:true

2023-07-21 15:13:27,047 INFO maxHealthCheckFailCount:12

2023-07-21 15:13:27,047 INFO maxContent:10485760

2023-07-21 17:19:38,018 INFO notifyConnectTimeout:200

2023-07-21 17:19:38,021 INFO notifySocketTimeout:8000

2023-07-21 17:19:38,022 INFO isHealthCheck:true

2023-07-21 17:19:38,022 INFO maxHealthCheckFailCount:12

2023-07-21 17:19:38,022 INFO maxContent:10485760

2023-07-21 17:19:41,032 INFO use local db service for init

2023-07-21 17:19:41,601 WARN Lexical error at line 4, column 66.  Encountered: <EOF> after : "".

2023-07-21 17:19:41,605 WARN Syntax error: Encountered "*" at line 1, column 1.

2023-07-21 17:19:41,874 WARN Lexical error at line 4, column 13.  Encountered: "`" (96), after : "".

2023-07-21 17:19:41,875 WARN Lexical error at line 1, column 13.  Encountered: "`" (96), after : "".

2023-07-21 17:19:41,875 WARN Lexical error at line 1, column 13.  Encountered: "`" (96), after : "".

2023-07-21 17:19:41,875 WARN Lexical error at line 1, column 13.  Encountered: "`" (96), after : "".

2023-07-21 17:19:41,876 INFO use StandaloneDatabaseOperateImpl

2023-07-21 17:19:42,829 WARN DumpService start

2023-07-21 17:19:42,830 INFO start clear all config-info.

2023-07-21 17:19:42,831 WARN clear all config-info failed.

2023-07-21 17:19:42,831 WARN clear all config-info-tenant failed.

2023-07-21 17:19:42,877 INFO start clear all config-info-beta.

2023-07-21 17:19:42,877 WARN clear all config-info-beta failed.

2023-07-21 17:19:42,877 WARN clear all config-info-beta-tenant failed.

2023-07-21 17:19:42,889 INFO start clear all config-info-tag.

2023-07-21 17:19:42,889 WARN clear all config-info-tag failed.

2023-07-21 17:19:42,889 WARN clear all config-info-tag-tenant failed.

