2023-07-21 17:20:12,927 INFO PERFORMANCE:|0|0|-1|-1

2023-07-21 17:25:12,936 INFO PERFORMANCE:|0|0|-1|-1

2023-07-21 17:30:12,949 INFO PERFORMANCE:|1|1|-1|-1

2023-07-21 17:35:12,961 INFO PERFORMANCE:|3|3|-1|-1

2023-07-21 17:40:12,973 INFO PERFORMANCE:|0|0|-1|-1

2023-07-21 17:45:12,988 INFO PERFORMANCE:|3|0|-1|-1

2023-07-21 17:50:13,001 INFO PERFORMANCE:|3|3|-1|-1

2023-07-21 17:55:13,013 INFO PERFORMANCE:|3|3|-1|-1

2023-07-21 18:00:13,022 INFO PERFORMANCE:|3|0|-1|-1

2023-07-21 18:05:13,031 INFO PERFORMANCE:|3|4|6|3

2023-07-21 18:10:13,044 INFO PERFORMANCE:|3|5|-1|-1

2023-07-21 18:15:13,058 INFO PERFORMANCE:|3|5|-1|-1

2023-07-21 18:20:13,061 INFO PERFORMANCE:|3|5|-1|-1

2023-07-21 18:25:13,071 INFO PERFORMANCE:|3|5|-1|-1

2023-07-21 18:30:13,078 INFO PERFORMANCE:|3|5|-1|-1

2023-07-21 18:35:13,089 INFO PERFORMANCE:|3|5|-1|-1

2023-07-21 18:40:13,089 INFO PERFORMANCE:|3|5|-1|-1

2023-07-21 18:45:13,094 INFO PERFORMANCE:|3|0|-1|-1

2023-07-21 18:50:13,103 INFO PERFORMANCE:|2|0|-1|-1

2023-07-21 18:55:13,108 INFO PERFORMANCE:|3|0|-1|-1

2023-07-21 19:00:13,120 INFO PERFORMANCE:|3|3|-1|-1

2023-07-21 19:05:13,121 INFO PERFORMANCE:|3|3|-1|-1

2023-07-21 19:10:13,132 INFO PERFORMANCE:|3|3|-1|-1

2023-07-21 19:15:13,139 INFO PERFORMANCE:|3|3|-1|-1

2023-07-21 19:20:13,152 INFO PERFORMANCE:|3|3|-1|-1

2023-07-21 19:25:13,160 INFO PERFORMANCE:|3|3|-1|-1

2023-07-21 19:30:13,166 INFO PERFORMANCE:|3|3|-1|-1

2023-07-21 19:35:13,181 INFO PERFORMANCE:|3|3|-1|-1

2023-07-21 19:40:13,192 INFO PERFORMANCE:|3|3|-1|-1

2023-07-21 19:45:13,203 INFO PERFORMANCE:|3|3|-1|-1

2023-07-21 19:50:13,218 INFO PERFORMANCE:|3|3|-1|-1

2023-07-21 19:55:13,221 INFO PERFORMANCE:|3|3|-1|-1

2023-07-21 20:00:13,221 INFO PERFORMANCE:|3|3|-1|-1

2023-07-21 20:05:13,224 INFO PERFORMANCE:|3|3|-1|-1

2023-07-21 20:10:13,228 INFO PERFORMANCE:|3|3|-1|-1

2023-07-21 20:15:13,229 INFO PERFORMANCE:|3|3|-1|-1

2023-07-21 20:20:13,243 INFO PERFORMANCE:|3|3|-1|-1

2023-07-21 20:25:13,246 INFO PERFORMANCE:|3|3|-1|-1

2023-07-21 20:30:13,258 INFO PERFORMANCE:|3|3|-1|-1

2023-07-21 20:35:13,260 INFO PERFORMANCE:|3|3|-1|-1

2023-07-21 20:40:13,266 INFO PERFORMANCE:|3|3|-1|-1

2023-07-21 20:45:13,273 INFO PERFORMANCE:|3|3|-1|-1

2023-07-21 20:50:13,278 INFO PERFORMANCE:|3|3|-1|-1

2023-07-21 20:55:13,287 INFO PERFORMANCE:|3|3|-1|-1

2023-07-21 21:00:13,289 INFO PERFORMANCE:|3|3|-1|-1

2023-07-21 21:05:13,302 INFO PERFORMANCE:|3|3|-1|-1

2023-07-21 21:10:13,310 INFO PERFORMANCE:|3|3|-1|-1

2023-07-21 21:15:13,326 INFO PERFORMANCE:|3|3|-1|-1

2023-07-21 21:20:13,338 INFO PERFORMANCE:|3|3|-1|-1

2023-07-21 21:25:13,348 INFO PERFORMANCE:|3|3|-1|-1

2023-07-21 21:30:13,356 INFO PERFORMANCE:|3|3|-1|-1

2023-07-21 21:35:13,362 INFO PERFORMANCE:|3|3|-1|-1

2023-07-21 21:40:13,376 INFO PERFORMANCE:|3|3|-1|-1

